<?xml version="1.0" encoding="UTF-8"?>
<testsuites name="jest tests" tests="1001" failures="0" errors="0" time="99.319">
  <testsuite name="&lt;AuditCycleStorePerformance/&gt;" errors="0" failures="0" skipped="0" timestamp="2024-02-26T10:55:31" time="6.266" tests="2">
    <testcase classname="&lt;AuditCycleStorePerformance/&gt; renders the chart correctly" name="&lt;AuditCycleStorePerformance/&gt; renders the chart correctly" time="0.052">
    </testcase>
    <testcase classname="&lt;AuditCycleStorePerformance/&gt; calls fetchStoreWisePerformance with the correct ID" name="&lt;AuditCycleStorePerformance/&gt; calls fetchStoreWisePerformance with the correct ID" time="0.029">
    </testcase>
  </testsuite>
  <testsuite name="&lt;AuditStoreDetails/&gt;" errors="0" failures="0" skipped="0" timestamp="2024-02-26T10:55:37" time="1.723" tests="15">
    <testcase classname="&lt;AuditStoreDetails/&gt; is rendered correctly when the AuditStore is loading" name="&lt;AuditStoreDetails/&gt; is rendered correctly when the AuditStore is loading" time="0.012">
    </testcase>
    <testcase classname="&lt;AuditStoreDetails/&gt; is rendered correctly when AuditStore is not rated" name="&lt;AuditStoreDetails/&gt; is rendered correctly when AuditStore is not rated" time="0.019">
    </testcase>
    <testcase classname="&lt;AuditStoreDetails/&gt; is rendered correctly when AuditStore is already rated" name="&lt;AuditStoreDetails/&gt; is rendered correctly when AuditStore is already rated" time="0.013">
    </testcase>
    <testcase classname="&lt;AuditStoreDetails/&gt; is rendered correctly when status is ASSIGNED" name="&lt;AuditStoreDetails/&gt; is rendered correctly when status is ASSIGNED" time="0.017">
    </testcase>
    <testcase classname="&lt;AuditStoreDetails/&gt; is rendered correctly when status is ACKNOWLEDGED" name="&lt;AuditStoreDetails/&gt; is rendered correctly when status is ACKNOWLEDGED" time="0.009">
    </testcase>
    <testcase classname="&lt;AuditStoreDetails/&gt; is rendered correctly when status is SUBMITTED" name="&lt;AuditStoreDetails/&gt; is rendered correctly when status is SUBMITTED" time="0.011">
    </testcase>
    <testcase classname="&lt;AuditStoreDetails/&gt; is rendered correctly when status is PM_REVIEW" name="&lt;AuditStoreDetails/&gt; is rendered correctly when status is PM_REVIEW" time="0.019">
    </testcase>
    <testcase classname="&lt;AuditStoreDetails/&gt; is rendered correctly when status is COMPLETED" name="&lt;AuditStoreDetails/&gt; is rendered correctly when status is COMPLETED" time="0.009">
    </testcase>
    <testcase classname="&lt;AuditStoreDetails/&gt; is rendered correctly when status is ACCEPTED" name="&lt;AuditStoreDetails/&gt; is rendered correctly when status is ACCEPTED" time="0.015">
    </testcase>
    <testcase classname="&lt;AuditStoreDetails/&gt; is rendered correctly when status is REJECTED" name="&lt;AuditStoreDetails/&gt; is rendered correctly when status is REJECTED" time="0.006">
    </testcase>
    <testcase classname="&lt;AuditStoreDetails/&gt; is rendered correctly when status is WITHDRAWN" name="&lt;AuditStoreDetails/&gt; is rendered correctly when status is WITHDRAWN" time="0.011">
    </testcase>
    <testcase classname="&lt;AuditStoreDetails/&gt; is rendered correctly when status is FAILED" name="&lt;AuditStoreDetails/&gt; is rendered correctly when status is FAILED" time="0.009">
    </testcase>
    <testcase classname="&lt;AuditStoreDetails/&gt; dispatches the qa ok request action when QA OK button is clicked" name="&lt;AuditStoreDetails/&gt; dispatches the qa ok request action when QA OK button is clicked" time="0.011">
    </testcase>
    <testcase classname="&lt;AuditStoreDetails/&gt; dispatches the PM REVERT request action when PM REVERT button is clicked" name="&lt;AuditStoreDetails/&gt; dispatches the PM REVERT request action when PM REVERT button is clicked" time="0.002">
    </testcase>
    <testcase classname="&lt;AuditStoreDetails/&gt; dispatches the ACCEPT request action when ACCEPT button is clicked" name="&lt;AuditStoreDetails/&gt; dispatches the ACCEPT request action when ACCEPT button is clicked" time="0.032">
    </testcase>
  </testsuite>
  <testsuite name="&lt;AuditStoreDetail/&gt;" errors="0" failures="0" skipped="0" timestamp="2024-02-26T10:55:39" time="1.304" tests="2">
    <testcase classname="&lt;AuditStoreDetail/&gt; makes all the correct ajax calls" name="&lt;AuditStoreDetail/&gt; makes all the correct ajax calls" time="0.071">
    </testcase>
    <testcase classname="&lt;AuditStoreDetail/&gt; passes the correct props to SectionList, AuditStoreDetailsBox, SectionTotalsBox" name="&lt;AuditStoreDetail/&gt; passes the correct props to SectionList, AuditStoreDetailsBox, SectionTotalsBox" time="0.08">
    </testcase>
  </testsuite>
  <testsuite name="&lt;AuditStoreDetails/&gt;" errors="0" failures="0" skipped="0" timestamp="2024-02-26T10:55:40" time="0.803" tests="16">
    <testcase classname="&lt;AuditStoreDetails/&gt; is rendered correctly when the AuditStore is loading" name="&lt;AuditStoreDetails/&gt; is rendered correctly when the AuditStore is loading" time="0.005">
    </testcase>
    <testcase classname="&lt;AuditStoreDetails/&gt; is rendered correctly when AuditStore is not rated" name="&lt;AuditStoreDetails/&gt; is rendered correctly when AuditStore is not rated" time="0.018">
    </testcase>
    <testcase classname="&lt;AuditStoreDetails/&gt; is rendered correctly when AuditStore is already rated" name="&lt;AuditStoreDetails/&gt; is rendered correctly when AuditStore is already rated" time="0.014">
    </testcase>
    <testcase classname="&lt;AuditStoreDetails/&gt; is rendered correctly for QA rating: 0" name="&lt;AuditStoreDetails/&gt; is rendered correctly for QA rating: 0" time="0.015">
    </testcase>
    <testcase classname="&lt;AuditStoreDetails/&gt; is rendered correctly for QA rating: 1" name="&lt;AuditStoreDetails/&gt; is rendered correctly for QA rating: 1" time="0.014">
    </testcase>
    <testcase classname="&lt;AuditStoreDetails/&gt; is rendered correctly for QA rating: 2" name="&lt;AuditStoreDetails/&gt; is rendered correctly for QA rating: 2" time="0.016">
    </testcase>
    <testcase classname="&lt;AuditStoreDetails/&gt; is rendered correctly wwhere AuditStore status is ASSIGNED" name="&lt;AuditStoreDetails/&gt; is rendered correctly wwhere AuditStore status is ASSIGNED" time="0.017">
    </testcase>
    <testcase classname="&lt;AuditStoreDetails/&gt; is rendered correctly wwhere AuditStore status is ACKNOWLEDGED" name="&lt;AuditStoreDetails/&gt; is rendered correctly wwhere AuditStore status is ACKNOWLEDGED" time="0.008">
    </testcase>
    <testcase classname="&lt;AuditStoreDetails/&gt; is rendered correctly wwhere AuditStore status is SUBMITTED" name="&lt;AuditStoreDetails/&gt; is rendered correctly wwhere AuditStore status is SUBMITTED" time="0.01">
    </testcase>
    <testcase classname="&lt;AuditStoreDetails/&gt; is rendered correctly wwhere AuditStore status is PM_REVIEW" name="&lt;AuditStoreDetails/&gt; is rendered correctly wwhere AuditStore status is PM_REVIEW" time="0.009">
    </testcase>
    <testcase classname="&lt;AuditStoreDetails/&gt; is rendered correctly wwhere AuditStore status is COMPLETED" name="&lt;AuditStoreDetails/&gt; is rendered correctly wwhere AuditStore status is COMPLETED" time="0.009">
    </testcase>
    <testcase classname="&lt;AuditStoreDetails/&gt; is rendered correctly wwhere AuditStore status is ACCEPTED" name="&lt;AuditStoreDetails/&gt; is rendered correctly wwhere AuditStore status is ACCEPTED" time="0.006">
    </testcase>
    <testcase classname="&lt;AuditStoreDetails/&gt; is rendered correctly wwhere AuditStore status is REJECTED" name="&lt;AuditStoreDetails/&gt; is rendered correctly wwhere AuditStore status is REJECTED" time="0.012">
    </testcase>
    <testcase classname="&lt;AuditStoreDetails/&gt; is rendered correctly wwhere AuditStore status is WITHDRAWN" name="&lt;AuditStoreDetails/&gt; is rendered correctly wwhere AuditStore status is WITHDRAWN" time="0.011">
    </testcase>
    <testcase classname="&lt;AuditStoreDetails/&gt; is rendered correctly wwhere AuditStore status is FAILED" name="&lt;AuditStoreDetails/&gt; is rendered correctly wwhere AuditStore status is FAILED" time="0.009">
    </testcase>
    <testcase classname="&lt;AuditStoreDetails/&gt; calls qaOk when QA OK button is clicked" name="&lt;AuditStoreDetails/&gt; calls qaOk when QA OK button is clicked" time="0.013">
    </testcase>
  </testsuite>
  <testsuite name="&lt;QuotationCategoryForm/&gt;" errors="0" failures="0" skipped="0" timestamp="2024-02-26T10:55:41" time="0.736" tests="8">
    <testcase classname="&lt;QuotationCategoryForm/&gt; calls fetchAuditCategory" name="&lt;QuotationCategoryForm/&gt; calls fetchAuditCategory" time="0.013">
    </testcase>
    <testcase classname="&lt;QuotationCategoryForm/&gt; should change the all category state" name="&lt;QuotationCategoryForm/&gt; should change the all category state" time="0.022">
    </testcase>
    <testcase classname="&lt;QuotationCategoryForm/&gt; validate submit function without data" name="&lt;QuotationCategoryForm/&gt; validate submit function without data" time="0.008">
    </testcase>
    <testcase classname="&lt;QuotationCategoryForm/&gt; validate submit function" name="&lt;QuotationCategoryForm/&gt; validate submit function" time="0.006">
    </testcase>
    <testcase classname="&lt;QuotationCategoryForm/&gt; calls customize audit link" name="&lt;QuotationCategoryForm/&gt; calls customize audit link" time="0.012">
    </testcase>
    <testcase classname="&lt;CustomizeQuotationAlert/&gt; renders the customize quotation alert" name="&lt;CustomizeQuotationAlert/&gt; renders the customize quotation alert" time="0.004">
    </testcase>
    <testcase classname="&lt;QuotationPreview/&gt; renders the empty quotation" name="&lt;QuotationPreview/&gt; renders the empty quotation" time="0.007">
    </testcase>
    <testcase classname="&lt;QuotationPreview/&gt; renders the quotation" name="&lt;QuotationPreview/&gt; renders the quotation" time="0.004">
    </testcase>
  </testsuite>
  <testsuite name="ReportBrowser3" errors="0" failures="0" skipped="0" timestamp="2024-02-26T10:55:42" time="0.995" tests="6">
    <testcase classname="ReportBrowser3 calls fetchReportsByAuditCycleId when it is mounted" name="ReportBrowser3 calls fetchReportsByAuditCycleId when it is mounted" time="0.003">
    </testcase>
    <testcase classname="ReportBrowser3 calls fetchReportsByAuditCycleId when selected cycle changes" name="ReportBrowser3 calls fetchReportsByAuditCycleId when selected cycle changes" time="0.003">
    </testcase>
    <testcase classname="ReportBrowser3 renders the audit store table with correct props" name="ReportBrowser3 renders the audit store table with correct props" time="0.003">
    </testcase>
    <testcase classname="ReportBrowser3 does not render the report attribute filters when the user is not a client admin" name="ReportBrowser3 does not render the report attribute filters when the user is not a client admin" time="0.001">
    </testcase>
    <testcase classname="ReportBrowser3 renders a message when there are no audit cycles" name="ReportBrowser3 renders a message when there are no audit cycles" time="0.001">
    </testcase>
    <testcase classname="ReportBrowser3 renders a loading widget when no cycle is selected" name="ReportBrowser3 renders a loading widget when no cycle is selected" time="0.001">
    </testcase>
  </testsuite>
  <testsuite name="&lt;AuditCycleDashboard/&gt;" errors="0" failures="0" skipped="0" timestamp="2024-02-26T10:55:43" time="0.31" tests="4">
    <testcase classname="&lt;AuditCycleDashboard/&gt; is rendered correctly when the data are loading" name="&lt;AuditCycleDashboard/&gt; is rendered correctly when the data are loading" time="0.008">
    </testcase>
    <testcase classname="&lt;AuditCycleDashboard/&gt; is rendered correctly when the data is successfully loaded" name="&lt;AuditCycleDashboard/&gt; is rendered correctly when the data is successfully loaded" time="0.005">
    </testcase>
    <testcase classname="&lt;AuditCycleDashboard/&gt; calls the stats service correctly" name="&lt;AuditCycleDashboard/&gt; calls the stats service correctly" time="0.002">
    </testcase>
    <testcase classname="&lt;AuditCycleDashboard/&gt; sets the state correctly once data is loaded" name="&lt;AuditCycleDashboard/&gt; sets the state correctly once data is loaded" time="0.004">
    </testcase>
  </testsuite>
  <testsuite name="Dashboard" errors="0" failures="0" skipped="0" timestamp="2024-02-26T10:55:43" time="0.533" tests="2">
    <testcase classname="Dashboard renders the tab strip and charts with the selected questionnaire type" name="Dashboard renders the tab strip and charts with the selected questionnaire type" time="0.002">
    </testcase>
    <testcase classname="Dashboard renders the tab strip and a loading sign when no questionnaire type is selected" name="Dashboard renders the tab strip and a loading sign when no questionnaire type is selected" time="0.002">
    </testcase>
  </testsuite>
  <testsuite name="&lt;__Section/&gt;" errors="0" failures="0" skipped="0" timestamp="2024-02-26T10:55:44" time="0.722" tests="5">
    <testcase classname="&lt;__Section/&gt; when showErrors is true and auditorComment is &apos;&apos;:" name="&lt;__Section/&gt; when showErrors is true and auditorComment is &apos;&apos;:" time="0.01">
    </testcase>
    <testcase classname="&lt;__Section/&gt; when showErrors is true and auditorComment is &apos;Hello World&apos;:" name="&lt;__Section/&gt; when showErrors is true and auditorComment is &apos;Hello World&apos;:" time="0.002">
    </testcase>
    <testcase classname="&lt;__Section/&gt; when showErrors is false and auditorComment is &apos;&apos;:" name="&lt;__Section/&gt; when showErrors is false and auditorComment is &apos;&apos;:" time="0.001">
    </testcase>
    <testcase classname="&lt;__Section/&gt; when showErrors is false and auditorComment is &apos;Hello World&apos;:" name="&lt;__Section/&gt; when showErrors is false and auditorComment is &apos;Hello World&apos;:" time="0.002">
    </testcase>
    <testcase classname="&lt;__Section/&gt; renders correctly when a section has no questions" name="&lt;__Section/&gt; renders correctly when a section has no questions" time="0.001">
    </testcase>
  </testsuite>
  <testsuite name="&lt;StoreTrends/&gt;" errors="0" failures="0" skipped="0" timestamp="2024-02-26T10:55:45" time="0.397" tests="4">
    <testcase classname="&lt;StoreTrends/&gt; it fetches the questionnaire types" name="&lt;StoreTrends/&gt; it fetches the questionnaire types" time="0.004">
    </testcase>
    <testcase classname="&lt;StoreTrends/&gt; it fetches the store by ID" name="&lt;StoreTrends/&gt; it fetches the store by ID" time="0.001">
    </testcase>
    <testcase classname="&lt;StoreTrends/&gt; selects the questionnaire type based on Store type" name="&lt;StoreTrends/&gt; selects the questionnaire type based on Store type" time="0.014">
    </testcase>
    <testcase classname="&lt;StoreTrends/&gt; selects the first questionnaire type based on when store type is not found" name="&lt;StoreTrends/&gt; selects the first questionnaire type based on when store type is not found" time="0.008">
    </testcase>
  </testsuite>
  <testsuite name="&lt;AuditStoreReport/&gt;" errors="0" failures="0" skipped="0" timestamp="2024-02-26T10:55:45" time="0.544" tests="1">
    <testcase classname="&lt;AuditStoreReport/&gt; computes editable correctly for all the statuses" name="&lt;AuditStoreReport/&gt; computes editable correctly for all the statuses" time="0.122">
    </testcase>
  </testsuite>
  <testsuite name="&lt;AuditStoreDetailsBox/&gt;" errors="0" failures="0" skipped="0" timestamp="2024-02-26T10:55:46" time="0.221" tests="1">
    <testcase classname="&lt;AuditStoreDetailsBox/&gt; renders the AuditStoreDetailsBox table correctly" name="&lt;AuditStoreDetailsBox/&gt; renders the AuditStoreDetailsBox table correctly" time="0.005">
    </testcase>
  </testsuite>
  <testsuite name="&lt;StorePerformance/&gt;" errors="0" failures="0" skipped="0" timestamp="2024-02-26T10:55:46" time="0.322" tests="3">
    <testcase classname="&lt;StorePerformance/&gt; renders the StorePerformance chart correctly" name="&lt;StorePerformance/&gt; renders the StorePerformance chart correctly" time="0.008">
    </testcase>
    <testcase classname="&lt;StorePerformance/&gt; calls fetchStorePerformance with the correct store and questionnaire type id" name="&lt;StorePerformance/&gt; calls fetchStorePerformance with the correct store and questionnaire type id" time="0.001">
    </testcase>
    <testcase classname="&lt;StorePerformance/&gt; calls fetchStorePerformance when the props are changed" name="&lt;StorePerformance/&gt; calls fetchStorePerformance when the props are changed" time="0.006">
    </testcase>
  </testsuite>
  <testsuite name="FilterSelectors" errors="0" failures="0" skipped="0" timestamp="2024-02-26T10:55:46" time="0.216" tests="1">
    <testcase classname="FilterSelectors #filterReports should return filtered reports based on their attribute data" name="FilterSelectors #filterReports should return filtered reports based on their attribute data" time="0.002">
    </testcase>
  </testsuite>
  <testsuite name="&lt;AuditStoreRating/&gt;" errors="0" failures="0" skipped="0" timestamp="2024-02-26T10:55:46" time="0.229" tests="4">
    <testcase classname="&lt;AuditStoreRating/&gt; renders correctly for rating: 0" name="&lt;AuditStoreRating/&gt; renders correctly for rating: 0" time="0.003">
    </testcase>
    <testcase classname="&lt;AuditStoreRating/&gt; renders correctly for rating: 1" name="&lt;AuditStoreRating/&gt; renders correctly for rating: 1" time="0.001">
    </testcase>
    <testcase classname="&lt;AuditStoreRating/&gt; renders correctly for rating: 2" name="&lt;AuditStoreRating/&gt; renders correctly for rating: 2" time="0.001">
    </testcase>
    <testcase classname="&lt;AuditStoreRating/&gt; renders correctly for rating: null" name="&lt;AuditStoreRating/&gt; renders correctly for rating: null" time="0.001">
    </testcase>
  </testsuite>
  <testsuite name="&lt;PostApprovalDescriptionRenderer/&gt;" errors="0" failures="0" skipped="0" timestamp="2024-02-26T10:55:47" time="0.25" tests="2">
    <testcase classname="&lt;PostApprovalDescriptionRenderer/&gt; renders the loading icons while loading the markdown libs" name="&lt;PostApprovalDescriptionRenderer/&gt; renders the loading icons while loading the markdown libs" time="0.017">
    </testcase>
    <testcase classname="&lt;PostApprovalDescriptionRenderer/&gt; renders the post approval description" name="&lt;PostApprovalDescriptionRenderer/&gt; renders the post approval description" time="0.002">
    </testcase>
  </testsuite>
  <testsuite name="ADDITIONAL_INFO_GET" errors="0" failures="0" skipped="0" timestamp="2024-02-26T10:55:47" time="0.305" tests="7">
    <testcase classname="ADDITIONAL_INFO_GET when status is request sets loading to true" name="ADDITIONAL_INFO_GET when status is request sets loading to true" time="0.003">
    </testcase>
    <testcase classname="ADDITIONAL_INFO_GET when status is success sets loading to false" name="ADDITIONAL_INFO_GET when status is success sets loading to false" time="0">
    </testcase>
    <testcase classname="ADDITIONAL_INFO_GET when status is success sets the additional info" name="ADDITIONAL_INFO_GET when status is success sets the additional info" time="0.001">
    </testcase>
    <testcase classname="ADDITIONAL_INFO_POST when status is request clears the form errors" name="ADDITIONAL_INFO_POST when status is request clears the form errors" time="0">
    </testcase>
    <testcase classname="ADDITIONAL_INFO_POST when status is success clears the form errors" name="ADDITIONAL_INFO_POST when status is success clears the form errors" time="0.001">
    </testcase>
    <testcase classname="ADDITIONAL_INFO_POST when status is success sets the additional info" name="ADDITIONAL_INFO_POST when status is success sets the additional info" time="0">
    </testcase>
    <testcase classname="ADDITIONAL_INFO_POST when status is error clears the form errors" name="ADDITIONAL_INFO_POST when status is error clears the form errors" time="0.008">
    </testcase>
  </testsuite>
  <testsuite name="&lt;AuditCycleTimeSeries/&gt;" errors="0" failures="0" skipped="0" timestamp="2024-02-26T10:55:47" time="0.325" tests="3">
    <testcase classname="&lt;AuditCycleTimeSeries/&gt; renders the chart correctly" name="&lt;AuditCycleTimeSeries/&gt; renders the chart correctly" time="0.011">
    </testcase>
    <testcase classname="&lt;AuditCycleTimeSeries/&gt; calls fetchAuditCyclesTimeSeries with the correct ID" name="&lt;AuditCycleTimeSeries/&gt; calls fetchAuditCyclesTimeSeries with the correct ID" time="0.005">
    </testcase>
    <testcase classname="&lt;AuditCycleTimeSeries/&gt; renders the data popup correctly when the button is clicked" name="&lt;AuditCycleTimeSeries/&gt; renders the data popup correctly when the button is clicked" time="0.02">
    </testcase>
  </testsuite>
  <testsuite name="&lt;DashboardCityPerformanceChart/&gt;" errors="0" failures="0" skipped="0" timestamp="2024-02-26T10:55:48" time="0.332" tests="2">
    <testcase classname="&lt;DashboardCityPerformanceChart/&gt; renders the chart correctly" name="&lt;DashboardCityPerformanceChart/&gt; renders the chart correctly" time="0.017">
    </testcase>
    <testcase classname="&lt;DashboardCityPerformanceChart/&gt; calls fetchCityWisePerformance with the correct ID" name="&lt;DashboardCityPerformanceChart/&gt; calls fetchCityWisePerformance with the correct ID" time="0.015">
    </testcase>
  </testsuite>
  <testsuite name="&lt;__AuditRow/&gt;" errors="0" failures="0" skipped="0" timestamp="2024-02-26T10:55:48" time="0.623" tests="1">
    <testcase classname="&lt;__AuditRow/&gt; renders priority column" name="&lt;__AuditRow/&gt; renders priority column" time="0.01">
    </testcase>
  </testsuite>
  <testsuite name="&lt;NavLink/&gt;" errors="0" failures="0" skipped="0" timestamp="2024-02-26T10:55:49" time="0.267" tests="2">
    <testcase classname="&lt;NavLink/&gt; renders content within an inactive nav link" name="&lt;NavLink/&gt; renders content within an inactive nav link" time="0.005">
    </testcase>
    <testcase classname="&lt;NavLink/&gt; renders content within an active nav link" name="&lt;NavLink/&gt; renders content within an active nav link" time="0.002">
    </testcase>
  </testsuite>
  <testsuite name="&lt;QuestionRow/&gt;" errors="0" failures="0" skipped="0" timestamp="2024-02-26T10:55:49" time="0.295" tests="2">
    <testcase classname="&lt;QuestionRow/&gt; renders the question row correctly when answer has 0 marks" name="&lt;QuestionRow/&gt; renders the question row correctly when answer has 0 marks" time="0.007">
    </testcase>
    <testcase classname="&lt;QuestionRow/&gt; renders the question row correctly when answer has non 0 marks" name="&lt;QuestionRow/&gt; renders the question row correctly when answer has non 0 marks" time="0.008">
    </testcase>
  </testsuite>
  <testsuite name="AUDIT_STORE_ID_QA_OK" errors="0" failures="0" skipped="0" timestamp="2024-02-26T10:55:49" time="0.59" tests="6">
    <testcase classname="AUDIT_STORE_ID_QA_OK it clears the global error on request status" name="AUDIT_STORE_ID_QA_OK it clears the global error on request status" time="0.002">
    </testcase>
    <testcase classname="AUDIT_STORE_ID_QA_OK it sets the auditStore on success status" name="AUDIT_STORE_ID_QA_OK it sets the auditStore on success status" time="0.002">
    </testcase>
    <testcase classname="AUDIT_STORE_ID_QA_OK it sets the global errors on error status" name="AUDIT_STORE_ID_QA_OK it sets the global errors on error status" time="0.003">
    </testcase>
    <testcase classname="AUDIT_STORE_ID_PM_REVERT it clears the global error on request status" name="AUDIT_STORE_ID_PM_REVERT it clears the global error on request status" time="0.001">
    </testcase>
    <testcase classname="AUDIT_STORE_ID_PM_REVERT it sets the auditStore on success status" name="AUDIT_STORE_ID_PM_REVERT it sets the auditStore on success status" time="0.002">
    </testcase>
    <testcase classname="AUDIT_STORE_ID_PM_REVERT it sets the global errors on error status" name="AUDIT_STORE_ID_PM_REVERT it sets the global errors on error status" time="0.004">
    </testcase>
  </testsuite>
  <testsuite name="&lt;AuditorRow/&gt;" errors="0" failures="0" skipped="0" timestamp="2024-02-26T10:55:50" time="0.512" tests="6">
    <testcase classname="&lt;AuditorRow/&gt; renders the list of auditors correctly" name="&lt;AuditorRow/&gt; renders the list of auditors correctly" time="0.01">
    </testcase>
    <testcase classname="&lt;AuditorList /&gt; passes loading to false by default" name="&lt;AuditorList /&gt; passes loading to false by default" time="0.012">
    </testcase>
    <testcase classname="&lt;AuditorList /&gt;  renders jumbotron by default" name="&lt;AuditorList /&gt;  renders jumbotron by default" time="0.009">
    </testcase>
    <testcase classname="&lt;AuditorList /&gt; it calls prevent default when form is submitted" name="&lt;AuditorList /&gt; it calls prevent default when form is submitted" time="0.042">
    </testcase>
    <testcase classname="&lt;AuditorList /&gt; calls search auditor with search text" name="&lt;AuditorList /&gt; calls search auditor with search text" time="0.037">
    </testcase>
    <testcase classname="&lt;AuditorList /&gt; renders rows based on search result" name="&lt;AuditorList /&gt; renders rows based on search result" time="0.032">
    </testcase>
  </testsuite>
  <testsuite name="form reducer" errors="0" failures="0" skipped="0" timestamp="2024-02-26T10:55:51" time="0.227" tests="4">
    <testcase classname="form reducer RESET_FORM_ERRORS sets the form errors to undefined" name="form reducer RESET_FORM_ERRORS sets the form errors to undefined" time="0.003">
    </testcase>
    <testcase classname="form reducer SET_FORM_ERRORS sets the form errors" name="form reducer SET_FORM_ERRORS sets the form errors" time="0.002">
    </testcase>
    <testcase classname="resetFormErrors returns an action to reset the form errors" name="resetFormErrors returns an action to reset the form errors" time="0">
    </testcase>
    <testcase classname="setFormErrors returns an action to set the form errors" name="setFormErrors returns an action to set the form errors" time="0">
    </testcase>
  </testsuite>
  <testsuite name="SOCIAL_INFO_GET" errors="0" failures="0" skipped="0" timestamp="2024-02-26T10:55:51" time="0.212" tests="7">
    <testcase classname="SOCIAL_INFO_GET when status is request sets loading to true" name="SOCIAL_INFO_GET when status is request sets loading to true" time="0">
    </testcase>
    <testcase classname="SOCIAL_INFO_GET when status is success sets loading to false" name="SOCIAL_INFO_GET when status is success sets loading to false" time="0">
    </testcase>
    <testcase classname="SOCIAL_INFO_GET when status is success sets the social info" name="SOCIAL_INFO_GET when status is success sets the social info" time="0">
    </testcase>
    <testcase classname="SOCIAL_INFO_POST when status is request clears the form errors" name="SOCIAL_INFO_POST when status is request clears the form errors" time="0">
    </testcase>
    <testcase classname="SOCIAL_INFO_POST when status is success clears the form errors" name="SOCIAL_INFO_POST when status is success clears the form errors" time="0">
    </testcase>
    <testcase classname="SOCIAL_INFO_POST when status is success sets the social info" name="SOCIAL_INFO_POST when status is success sets the social info" time="0">
    </testcase>
    <testcase classname="SOCIAL_INFO_POST when status is error clears the form errors" name="SOCIAL_INFO_POST when status is error clears the form errors" time="0.001">
    </testcase>
  </testsuite>
  <testsuite name="&lt;AuditList/&gt;" errors="0" failures="0" skipped="0" timestamp="2024-02-26T10:55:51" time="0.299" tests="3">
    <testcase classname="&lt;AuditList/&gt; renders the correct number of priority filter options" name="&lt;AuditList/&gt; renders the correct number of priority filter options" time="0.018">
    </testcase>
    <testcase classname="&lt;AuditList/&gt; renders the correct number of audit date filter options" name="&lt;AuditList/&gt; renders the correct number of audit date filter options" time="0.008">
    </testcase>
    <testcase classname="&lt;AuditList/&gt; renders the correct number of city filter options" name="&lt;AuditList/&gt; renders the correct number of city filter options" time="0.005">
    </testcase>
  </testsuite>
  <testsuite name="fetchQuestionnaireTypes" errors="0" failures="0" skipped="0" timestamp="2024-02-26T10:55:51" time="0.25" tests="1">
    <testcase classname="fetchQuestionnaireTypes performs a GET to the correct URL" name="fetchQuestionnaireTypes performs a GET to the correct URL" time="0.001">
    </testcase>
  </testsuite>
  <testsuite name="&lt;ApplicationStatusLabel/&gt;" errors="0" failures="0" skipped="0" timestamp="2024-02-26T10:55:52" time="0.317" tests="6">
    <testcase classname="&lt;ApplicationStatusLabel/&gt; renders correctly for status: APPLIED" name="&lt;ApplicationStatusLabel/&gt; renders correctly for status: APPLIED" time="0.003">
    </testcase>
    <testcase classname="&lt;ApplicationStatusLabel/&gt; renders correctly for status: NOT_APPLIED" name="&lt;ApplicationStatusLabel/&gt; renders correctly for status: NOT_APPLIED" time="0.001">
    </testcase>
    <testcase classname="&lt;ApplicationStatusLabel/&gt; renders correctly for status: WAITLISTED" name="&lt;ApplicationStatusLabel/&gt; renders correctly for status: WAITLISTED" time="0.001">
    </testcase>
    <testcase classname="&lt;ApplicationStatusLabel/&gt; renders correctly for status: APPROVED" name="&lt;ApplicationStatusLabel/&gt; renders correctly for status: APPROVED" time="0.001">
    </testcase>
    <testcase classname="&lt;ApplicationStatusLabel/&gt; renders correctly for status: REJECTED" name="&lt;ApplicationStatusLabel/&gt; renders correctly for status: REJECTED" time="0.001">
    </testcase>
    <testcase classname="&lt;ApplicationStatusLabel/&gt; renders correctly for status: WITHDRAWN" name="&lt;ApplicationStatusLabel/&gt; renders correctly for status: WITHDRAWN" time="0.001">
    </testcase>
  </testsuite>
  <testsuite name="EndDateSelector" errors="0" failures="0" skipped="0" timestamp="2024-02-26T10:55:52" time="0.273" tests="2">
    <testcase classname="EndDateSelector renders the selector with a given end_date" name="EndDateSelector renders the selector with a given end_date" time="0.02">
    </testcase>
    <testcase classname="EndDateSelector calls onSelect with the end_date when a end_date is selected" name="EndDateSelector calls onSelect with the end_date when a end_date is selected" time="0.006">
    </testcase>
  </testsuite>
  <testsuite name="StartDateSelector" errors="0" failures="0" skipped="0" timestamp="2024-02-26T10:55:52" time="0.263" tests="2">
    <testcase classname="StartDateSelector renders the selector with a given start_date" name="StartDateSelector renders the selector with a given start_date" time="0.02">
    </testcase>
    <testcase classname="StartDateSelector calls onSelect with the start_date when a start_date is selected" name="StartDateSelector calls onSelect with the start_date when a start_date is selected" time="0.005">
    </testcase>
  </testsuite>
  <testsuite name="fetchReportAttributesByAuditCycleId" errors="0" failures="0" skipped="0" timestamp="2024-02-26T10:55:53" time="0.324" tests="1">
    <testcase classname="fetchReportAttributesByAuditCycleId calls the url to fetch report attributes by audit cycle id " name="fetchReportAttributesByAuditCycleId calls the url to fetch report attributes by audit cycle id " time="0.001">
    </testcase>
  </testsuite>
  <testsuite name="&lt;ExpandableDetails/&gt;" errors="0" failures="0" skipped="0" timestamp="2024-02-26T10:55:53" time="0.291" tests="4">
    <testcase classname="&lt;ExpandableDetails/&gt; renders a non expanded inner element" name="&lt;ExpandableDetails/&gt; renders a non expanded inner element" time="0.004">
    </testcase>
    <testcase classname="&lt;ExpandableDetails/&gt; is collased by default" name="&lt;ExpandableDetails/&gt; is collased by default" time="0.003">
    </testcase>
    <testcase classname="&lt;ExpandableDetails/&gt; expands the inner element on click" name="&lt;ExpandableDetails/&gt; expands the inner element on click" time="0.003">
    </testcase>
    <testcase classname="&lt;ExpandableDetails/&gt; collapses the inner element on the second click" name="&lt;ExpandableDetails/&gt; collapses the inner element on the second click" time="0.002">
    </testcase>
  </testsuite>
  <testsuite name="&lt;AuditCycleForm/&gt;" errors="0" failures="0" skipped="0" timestamp="2024-02-26T10:55:53" time="0.488" tests="2">
    <testcase classname="&lt;AuditCycleForm/&gt; renders an empty form correctly" name="&lt;AuditCycleForm/&gt; renders an empty form correctly" time="0.046">
    </testcase>
    <testcase classname="&lt;AuditCycleForm/&gt; renders the loaded values correctly" name="&lt;AuditCycleForm/&gt; renders the loaded values correctly" time="0.041">
    </testcase>
  </testsuite>
  <testsuite name="&lt;AuditorNameDisplay/&gt;" errors="0" failures="0" skipped="0" timestamp="2024-02-26T10:55:54" time="0.244" tests="2">
    <testcase classname="&lt;AuditorNameDisplay/&gt; renders the auditor name and phone correctly for modrator" name="&lt;AuditorNameDisplay/&gt; renders the auditor name and phone correctly for modrator" time="0.009">
    </testcase>
    <testcase classname="&lt;AuditorNameDisplay/&gt; renders the agency name and phone correctly for modrator" name="&lt;AuditorNameDisplay/&gt; renders the agency name and phone correctly for modrator" time="0.015">
    </testcase>
  </testsuite>
  <testsuite name="&lt;BankInfoPanelBase/&gt;" errors="0" failures="0" skipped="0" timestamp="2024-02-26T10:55:54" time="0.355" tests="4">
    <testcase classname="&lt;BankInfoPanelBase/&gt; is rendered correctly when BankInfo is loading" name="&lt;BankInfoPanelBase/&gt; is rendered correctly when BankInfo is loading" time="0.006">
    </testcase>
    <testcase classname="&lt;BankInfoPanelBase/&gt; is rendered correctly when BankInfo is successfully loaded" name="&lt;BankInfoPanelBase/&gt; is rendered correctly when BankInfo is successfully loaded" time="0.003">
    </testcase>
    <testcase classname="&lt;BankInfoPanelBase/&gt; calls fetchBankInfo() on mounting" name="&lt;BankInfoPanelBase/&gt; calls fetchBankInfo() on mounting" time="0.002">
    </testcase>
    <testcase classname="&lt;BankInfoPanelBase/&gt; renders inputs with loaded BankInfo" name="&lt;BankInfoPanelBase/&gt; renders inputs with loaded BankInfo" time="0.023">
    </testcase>
  </testsuite>
  <testsuite name="&lt;AttachmentDisplayBox/&gt;" errors="0" failures="0" skipped="0" timestamp="2024-02-26T10:55:54" time="0.346" tests="9">
    <testcase classname="&lt;AttachmentDisplayBox/&gt; computes editable correctly when status is ASSIGNED" name="&lt;AttachmentDisplayBox/&gt; computes editable correctly when status is ASSIGNED" time="0.01">
    </testcase>
    <testcase classname="&lt;AttachmentDisplayBox/&gt; computes editable correctly when status is ACKNOWLEDGED" name="&lt;AttachmentDisplayBox/&gt; computes editable correctly when status is ACKNOWLEDGED" time="0.007">
    </testcase>
    <testcase classname="&lt;AttachmentDisplayBox/&gt; computes editable correctly when status is SUBMITTED" name="&lt;AttachmentDisplayBox/&gt; computes editable correctly when status is SUBMITTED" time="0.017">
    </testcase>
    <testcase classname="&lt;AttachmentDisplayBox/&gt; computes editable correctly when status is PM_REVIEW" name="&lt;AttachmentDisplayBox/&gt; computes editable correctly when status is PM_REVIEW" time="0.008">
    </testcase>
    <testcase classname="&lt;AttachmentDisplayBox/&gt; computes editable correctly when status is COMPLETED" name="&lt;AttachmentDisplayBox/&gt; computes editable correctly when status is COMPLETED" time="0.008">
    </testcase>
    <testcase classname="&lt;AttachmentDisplayBox/&gt; computes editable correctly when status is ACCEPTED" name="&lt;AttachmentDisplayBox/&gt; computes editable correctly when status is ACCEPTED" time="0.007">
    </testcase>
    <testcase classname="&lt;AttachmentDisplayBox/&gt; computes editable correctly when status is REJECTED" name="&lt;AttachmentDisplayBox/&gt; computes editable correctly when status is REJECTED" time="0.008">
    </testcase>
    <testcase classname="&lt;AttachmentDisplayBox/&gt; computes editable correctly when status is WITHDRAWN" name="&lt;AttachmentDisplayBox/&gt; computes editable correctly when status is WITHDRAWN" time="0.009">
    </testcase>
    <testcase classname="&lt;AttachmentDisplayBox/&gt; computes editable correctly when status is FAILED" name="&lt;AttachmentDisplayBox/&gt; computes editable correctly when status is FAILED" time="0.007">
    </testcase>
  </testsuite>
  <testsuite name="&lt;AuditCycleForm/&gt;" errors="0" failures="0" skipped="0" timestamp="2024-02-26T10:55:55" time="0.432" tests="2">
    <testcase classname="&lt;AuditCycleForm/&gt; renders an empty form correctly" name="&lt;AuditCycleForm/&gt; renders an empty form correctly" time="0.053">
    </testcase>
    <testcase classname="&lt;AuditCycleForm/&gt; renders the loaded values correctly" name="&lt;AuditCycleForm/&gt; renders the loaded values correctly" time="0.038">
    </testcase>
  </testsuite>
  <testsuite name="&lt;ClientUserList/&gt;" errors="0" failures="0" skipped="0" timestamp="2024-02-26T10:55:55" time="0.303" tests="1">
    <testcase classname="&lt;ClientUserList/&gt; renders a list of client users" name="&lt;ClientUserList/&gt; renders a list of client users" time="0.011">
    </testcase>
  </testsuite>
  <testsuite name="ReportAttributeFilter" errors="0" failures="0" skipped="0" timestamp="2024-02-26T10:55:56" time="0.24" tests="4">
    <testcase classname="ReportAttributeFilter renders the selector with nothing selected" name="ReportAttributeFilter renders the selector with nothing selected" time="0.004">
    </testcase>
    <testcase classname="ReportAttributeFilter renders the selector with selected option_id" name="ReportAttributeFilter renders the selector with selected option_id" time="0.001">
    </testcase>
    <testcase classname="ReportAttributeFilter calls onSelect with the option_id when an option is selected" name="ReportAttributeFilter calls onSelect with the option_id when an option is selected" time="0.002">
    </testcase>
    <testcase classname="ReportAttributeFilter calls onSelect with undefined when the default blank option is selected" name="ReportAttributeFilter calls onSelect with undefined when the default blank option is selected" time="0.002">
    </testcase>
  </testsuite>
  <testsuite name="SectionAddForm" errors="0" failures="0" skipped="0" timestamp="2024-02-26T10:55:56" time="0.425" tests="8">
    <testcase classname="SectionAddForm calls the loadSectionAddForm prop" name="SectionAddForm calls the loadSectionAddForm prop" time="0.003">
    </testcase>
    <testcase classname="SectionAddForm renders an empty form" name="SectionAddForm renders an empty form" time="0.006">
    </testcase>
    <testcase classname="SectionAddForm form submission the form is submitted normally calls the saveSectionAddForm prop with the form values" name="SectionAddForm form submission the form is submitted normally calls the saveSectionAddForm prop with the form values" time="0.006">
    </testcase>
    <testcase classname="SectionAddForm form submission the form is submitted normally calls preventDefault on the form event" name="SectionAddForm form submission the form is submitted normally calls preventDefault on the form event" time="0.004">
    </testcase>
    <testcase classname="SectionAddForm form submission the form is submitted normally navigates to the questionnaire" name="SectionAddForm form submission the form is submitted normally navigates to the questionnaire" time="0.016">
    </testcase>
    <testcase classname="SectionAddForm form submission the save and next button is clicked calls the saveSectionAddForm prop with the form values" name="SectionAddForm form submission the save and next button is clicked calls the saveSectionAddForm prop with the form values" time="0.006">
    </testcase>
    <testcase classname="SectionAddForm form submission the save and next button is clicked increments the sequence and clears the form" name="SectionAddForm form submission the save and next button is clicked increments the sequence and clears the form" time="0.011">
    </testcase>
    <testcase classname="SectionAddForm form submission the save and next button is clicked navigates to the current route" name="SectionAddForm form submission the save and next button is clicked navigates to the current route" time="0.014">
    </testcase>
  </testsuite>
  <testsuite name="&lt;AuditStoreEarningsPerAuditForm/&gt;" errors="0" failures="0" skipped="0" timestamp="2024-02-26T10:55:56" time="0.412" tests="7">
    <testcase classname="&lt;AuditStoreEarningsPerAuditForm/&gt; is loading initially" name="&lt;AuditStoreEarningsPerAuditForm/&gt; is loading initially" time="0.007">
    </testcase>
    <testcase classname="&lt;AuditStoreEarningsPerAuditForm/&gt; calls findById with the correct auditStoreId" name="&lt;AuditStoreEarningsPerAuditForm/&gt; calls findById with the correct auditStoreId" time="0.002">
    </testcase>
    <testcase classname="&lt;AuditStoreEarningsPerAuditForm/&gt; disables loading when the auditStore has been loaded" name="&lt;AuditStoreEarningsPerAuditForm/&gt; disables loading when the auditStore has been loaded" time="0.005">
    </testcase>
    <testcase classname="&lt;AuditStoreEarningsPerAuditForm/&gt; prefills the earnings per audit correctly in the form" name="&lt;AuditStoreEarningsPerAuditForm/&gt; prefills the earnings per audit correctly in the form" time="0.003">
    </testcase>
    <testcase classname="&lt;AuditStoreEarningsPerAuditForm/&gt; calls setEarningsPerAudit when the form is submitted" name="&lt;AuditStoreEarningsPerAuditForm/&gt; calls setEarningsPerAudit when the form is submitted" time="0.017">
    </testcase>
    <testcase classname="&lt;AuditStoreEarningsPerAuditForm/&gt; closes the page when setEarningsPerAudit returns successfully" name="&lt;AuditStoreEarningsPerAuditForm/&gt; closes the page when setEarningsPerAudit returns successfully" time="0.032">
    </testcase>
    <testcase classname="&lt;AuditStoreEarningsPerAuditForm/&gt; sets the errors correctly when setEarningsPerAudit fails" name="&lt;AuditStoreEarningsPerAuditForm/&gt; sets the errors correctly when setEarningsPerAudit fails" time="0.034">
    </testcase>
  </testsuite>
  <testsuite name="updateSection" errors="0" failures="0" skipped="0" timestamp="2024-02-26T10:55:57" time="0.216" tests="5">
    <testcase classname="updateSection calls the url to update the section" name="updateSection calls the url to update the section" time="0.001">
    </testcase>
    <testcase classname="addSection calls the url to add a new section" name="addSection calls the url to add a new section" time="0">
    </testcase>
    <testcase classname="deleteSection calls the url to add a new section" name="deleteSection calls the url to add a new section" time="0.001">
    </testcase>
    <testcase classname="fetchSectionById calls the url to fetch a section by id" name="fetchSectionById calls the url to fetch a section by id" time="0">
    </testcase>
    <testcase classname="fetchSectionsByAuditCycleId calls the url to fetch sections by audit cycle id" name="fetchSectionsByAuditCycleId calls the url to fetch sections by audit cycle id" time="0.001">
    </testcase>
  </testsuite>
  <testsuite name="fetchQuestionnaireTypes" errors="0" failures="0" skipped="0" timestamp="2024-02-26T10:55:57" time="0.256" tests="5">
    <testcase classname="fetchQuestionnaireTypes performs a GET to the correct URL" name="fetchQuestionnaireTypes performs a GET to the correct URL" time="0.001">
    </testcase>
    <testcase classname="fetchQuestionnaireType performs a GET to the correct URL" name="fetchQuestionnaireType performs a GET to the correct URL" time="0.001">
    </testcase>
    <testcase classname="createQuestionnaireType performs a POST to the correct URL" name="createQuestionnaireType performs a POST to the correct URL" time="0.001">
    </testcase>
    <testcase classname="saveQuestionnaireType performs a POST to the correct URL" name="saveQuestionnaireType performs a POST to the correct URL" time="0.002">
    </testcase>
    <testcase classname="deleteQuestionnaireType performs a DELETE to the correct URL" name="deleteQuestionnaireType performs a DELETE to the correct URL" time="0.001">
    </testcase>
  </testsuite>
  <testsuite name="&lt;AuditStoreStatusLabel/&gt;" errors="0" failures="0" skipped="0" timestamp="2024-02-26T10:55:57" time="0.379" tests="10">
    <testcase classname="&lt;AuditStoreStatusLabel/&gt; renders correctly for status: ASSIGNED" name="&lt;AuditStoreStatusLabel/&gt; renders correctly for status: ASSIGNED" time="0.004">
    </testcase>
    <testcase classname="&lt;AuditStoreStatusLabel/&gt; renders correctly for status: ACKNOWLEDGED" name="&lt;AuditStoreStatusLabel/&gt; renders correctly for status: ACKNOWLEDGED" time="0.001">
    </testcase>
    <testcase classname="&lt;AuditStoreStatusLabel/&gt; renders correctly for status: SUBMITTED" name="&lt;AuditStoreStatusLabel/&gt; renders correctly for status: SUBMITTED" time="0.001">
    </testcase>
    <testcase classname="&lt;AuditStoreStatusLabel/&gt; renders correctly for status: PM_REVIEW" name="&lt;AuditStoreStatusLabel/&gt; renders correctly for status: PM_REVIEW" time="0.001">
    </testcase>
    <testcase classname="&lt;AuditStoreStatusLabel/&gt; renders correctly for status: COMPLETED" name="&lt;AuditStoreStatusLabel/&gt; renders correctly for status: COMPLETED" time="0.001">
    </testcase>
    <testcase classname="&lt;AuditStoreStatusLabel/&gt; renders correctly for status: ACCEPTED" name="&lt;AuditStoreStatusLabel/&gt; renders correctly for status: ACCEPTED" time="0.001">
    </testcase>
    <testcase classname="&lt;AuditStoreStatusLabel/&gt; renders correctly for status: FAILED" name="&lt;AuditStoreStatusLabel/&gt; renders correctly for status: FAILED" time="0.001">
    </testcase>
    <testcase classname="&lt;AuditStoreStatusLabel/&gt; renders correctly for status: REJECTED" name="&lt;AuditStoreStatusLabel/&gt; renders correctly for status: REJECTED" time="0.001">
    </testcase>
    <testcase classname="&lt;AuditStoreStatusLabel/&gt; renders correctly for status: WITHDRAWN" name="&lt;AuditStoreStatusLabel/&gt; renders correctly for status: WITHDRAWN" time="0.001">
    </testcase>
    <testcase classname="&lt;AuditStoreStatusLabel/&gt; renders correctly for status: AUDITOR_WITHDRAWN" name="&lt;AuditStoreStatusLabel/&gt; renders correctly for status: AUDITOR_WITHDRAWN" time="0.001">
    </testcase>
  </testsuite>
  <testsuite name="CitySelector" errors="0" failures="0" skipped="0" timestamp="2024-02-26T10:55:58" time="0.267" tests="5">
    <testcase classname="CitySelector renders the selector with nothing selected" name="CitySelector renders the selector with nothing selected" time="0.012">
    </testcase>
    <testcase classname="CitySelector renders nothing when there is only one city" name="CitySelector renders nothing when there is only one city" time="0.002">
    </testcase>
    <testcase classname="CitySelector renders nothing when there are no cities" name="CitySelector renders nothing when there are no cities" time="0.001">
    </testcase>
    <testcase classname="CitySelector renders the selector with selected city" name="CitySelector renders the selector with selected city" time="0.001">
    </testcase>
    <testcase classname="CitySelector calls onSelect with the city id when a city is selected" name="CitySelector calls onSelect with the city id when a city is selected" time="0.003">
    </testcase>
  </testsuite>
  <testsuite name="&lt;__QuestionRow/&gt;" errors="0" failures="0" skipped="0" timestamp="2024-02-26T10:55:58" time="0.256" tests="4">
    <testcase classname="&lt;__QuestionRow/&gt; when showErrors is true and answerText is &apos;&apos;:" name="&lt;__QuestionRow/&gt; when showErrors is true and answerText is &apos;&apos;:" time="0.002">
    </testcase>
    <testcase classname="&lt;__QuestionRow/&gt; when showErrors is true and answerText is &apos;Hello World&apos;:" name="&lt;__QuestionRow/&gt; when showErrors is true and answerText is &apos;Hello World&apos;:" time="0.002">
    </testcase>
    <testcase classname="&lt;__QuestionRow/&gt; when showErrors is false and answerText is &apos;&apos;:" name="&lt;__QuestionRow/&gt; when showErrors is false and answerText is &apos;&apos;:" time="0.001">
    </testcase>
    <testcase classname="&lt;__QuestionRow/&gt; when showErrors is false and answerText is &apos;Hello World&apos;:" name="&lt;__QuestionRow/&gt; when showErrors is false and answerText is &apos;Hello World&apos;:" time="0.001">
    </testcase>
  </testsuite>
  <testsuite name="fetchReportsByAuditCycleId" errors="0" failures="0" skipped="0" timestamp="2024-02-26T10:55:58" time="0.237" tests="2">
    <testcase classname="fetchReportsByAuditCycleId calls findAuditStoresByAuditCycle" name="fetchReportsByAuditCycleId calls findAuditStoresByAuditCycle" time="0.001">
    </testcase>
    <testcase classname="fetchReportsByAuditCycleId dispatches an action when the request is successful" name="fetchReportsByAuditCycleId dispatches an action when the request is successful" time="0.002">
    </testcase>
  </testsuite>
  <testsuite name="APPLICATION_GET" errors="0" failures="0" skipped="0" timestamp="2024-02-26T10:55:58" time="0.229" tests="7">
    <testcase classname="APPLICATION_GET when status is success converts the list to an object" name="APPLICATION_GET when status is success converts the list to an object" time="0.001">
    </testcase>
    <testcase classname="AUDIT_APPLY_FORM_LOAD when status is request clears the form errros" name="AUDIT_APPLY_FORM_LOAD when status is request clears the form errros" time="0.001">
    </testcase>
    <testcase classname="AUDIT_APPLY_FORM_SUB when status is success sets the application at the correct id" name="AUDIT_APPLY_FORM_SUB when status is success sets the application at the correct id" time="0">
    </testcase>
    <testcase classname="AUDIT_APPLY_FORM_SUB when status is error sets the form errros" name="AUDIT_APPLY_FORM_SUB when status is error sets the form errros" time="0.001">
    </testcase>
    <testcase classname="AUDIT_CANCEL_FORM_LOAD when status is request clears the form errros" name="AUDIT_CANCEL_FORM_LOAD when status is request clears the form errros" time="0">
    </testcase>
    <testcase classname="AUDIT_CANCEL_FORM_SUB when status is success sets the application at the correct id" name="AUDIT_CANCEL_FORM_SUB when status is success sets the application at the correct id" time="0">
    </testcase>
    <testcase classname="AUDIT_CANCEL_FORM_SUB when status is error sets the form errros" name="AUDIT_CANCEL_FORM_SUB when status is error sets the form errros" time="0.001">
    </testcase>
  </testsuite>
  <testsuite name="&lt;ProjectAnalyticsMonthWise /&gt;" errors="0" failures="0" skipped="0" timestamp="2024-02-26T10:55:59" time="0.364" tests="6">
    <testcase classname="&lt;ProjectAnalyticsMonthWise /&gt; is rendered correctly when the data are loading" name="&lt;ProjectAnalyticsMonthWise /&gt; is rendered correctly when the data are loading" time="0.007">
    </testcase>
    <testcase classname="&lt;ProjectAnalyticsMonthWise /&gt; is rendered correctly when the data is successfully loaded" name="&lt;ProjectAnalyticsMonthWise /&gt; is rendered correctly when the data is successfully loaded" time="0.007">
    </testcase>
    <testcase classname="&lt;ProjectAnalyticsCycleWise /&gt; is rendered correctly when the data are loading" name="&lt;ProjectAnalyticsCycleWise /&gt; is rendered correctly when the data are loading" time="0.011">
    </testcase>
    <testcase classname="&lt;ProjectAnalyticsCycleWise /&gt; is rendered correctly when the data is successfully loaded" name="&lt;ProjectAnalyticsCycleWise /&gt; is rendered correctly when the data is successfully loaded" time="0.008">
    </testcase>
    <testcase classname="&lt;ProjectAnalyticsCycleWise /&gt; calls the analytic service correctly" name="&lt;ProjectAnalyticsCycleWise /&gt; calls the analytic service correctly" time="0.006">
    </testcase>
    <testcase classname="&lt;ProjectAnalyticsCycleWise /&gt; sets the state correctly once data is loaded" name="&lt;ProjectAnalyticsCycleWise /&gt; sets the state correctly once data is loaded" time="0.008">
    </testcase>
  </testsuite>
  <testsuite name="fetchUser" errors="0" failures="0" skipped="0" timestamp="2024-02-26T10:55:59" time="0.241" tests="1">
    <testcase classname="fetchUser performs a GET to fetch the currency user" name="fetchUser performs a GET to fetch the currency user" time="0.001">
    </testcase>
  </testsuite>
  <testsuite name="&lt;AuditStoreReimbursementForm/&gt;" errors="0" failures="0" skipped="0" timestamp="2024-02-26T10:55:59" time="0.407" tests="7">
    <testcase classname="&lt;AuditStoreReimbursementForm/&gt; is loading initially" name="&lt;AuditStoreReimbursementForm/&gt; is loading initially" time="0.017">
    </testcase>
    <testcase classname="&lt;AuditStoreReimbursementForm/&gt; calls findById with the correct auditStoreId" name="&lt;AuditStoreReimbursementForm/&gt; calls findById with the correct auditStoreId" time="0">
    </testcase>
    <testcase classname="&lt;AuditStoreReimbursementForm/&gt; disables loading when the auditStore has been loaded" name="&lt;AuditStoreReimbursementForm/&gt; disables loading when the auditStore has been loaded" time="0.006">
    </testcase>
    <testcase classname="&lt;AuditStoreReimbursementForm/&gt; prefills the earnings per audit correctly in the form" name="&lt;AuditStoreReimbursementForm/&gt; prefills the earnings per audit correctly in the form" time="0.008">
    </testcase>
    <testcase classname="&lt;AuditStoreReimbursementForm/&gt; calls setReimbursement when the form is submitted" name="&lt;AuditStoreReimbursementForm/&gt; calls setReimbursement when the form is submitted" time="0.016">
    </testcase>
    <testcase classname="&lt;AuditStoreReimbursementForm/&gt; closes the page when setReimbursement returns successfully" name="&lt;AuditStoreReimbursementForm/&gt; closes the page when setReimbursement returns successfully" time="0.028">
    </testcase>
    <testcase classname="&lt;AuditStoreReimbursementForm/&gt; sets the errors correctly when setReimbursement fails" name="&lt;AuditStoreReimbursementForm/&gt; sets the errors correctly when setReimbursement fails" time="0.032">
    </testcase>
  </testsuite>
  <testsuite name="manager section actions" errors="0" failures="0" skipped="0" timestamp="2024-02-26T10:56:00" time="0.277" tests="17">
    <testcase classname="manager section actions fetchSection calls the service with the given sectionId" name="manager section actions fetchSection calls the service with the given sectionId" time="0.013">
    </testcase>
    <testcase classname="manager section actions fetchSections calls the service with the given auditCycleId" name="manager section actions fetchSections calls the service with the given auditCycleId" time="0.001">
    </testcase>
    <testcase classname="manager section actions loadSectionAddForm dispatches an action to reset the form errors" name="manager section actions loadSectionAddForm dispatches an action to reset the form errors" time="0">
    </testcase>
    <testcase classname="manager section actions loadSectionEditForm dispatches an action to reset the form errors" name="manager section actions loadSectionEditForm dispatches an action to reset the form errors" time="0.001">
    </testcase>
    <testcase classname="manager section actions loadSectionEditForm dispatches an action to fetch the section" name="manager section actions loadSectionEditForm dispatches an action to fetch the section" time="0">
    </testcase>
    <testcase classname="manager section actions saveSectionEditForm dispatches an action to reset the form errors" name="manager section actions saveSectionEditForm dispatches an action to reset the form errors" time="0.001">
    </testcase>
    <testcase classname="manager section actions saveSectionEditForm calls the service with the section data" name="manager section actions saveSectionEditForm calls the service with the section data" time="0">
    </testcase>
    <testcase classname="manager section actions saveSectionEditForm when the save succeeds returns a promise resolved to the saved section" name="manager section actions saveSectionEditForm when the save succeeds returns a promise resolved to the saved section" time="0.001">
    </testcase>
    <testcase classname="manager section actions saveSectionEditForm when the save succeeds dispatches an action to update the saved section" name="manager section actions saveSectionEditForm when the save succeeds dispatches an action to update the saved section" time="0">
    </testcase>
    <testcase classname="manager section actions saveSectionEditForm when the save fails returns a promise rejected with the errors" name="manager section actions saveSectionEditForm when the save fails returns a promise rejected with the errors" time="0">
    </testcase>
    <testcase classname="manager section actions saveSectionEditForm when the save fails dispatches an action to set the form errors" name="manager section actions saveSectionEditForm when the save fails dispatches an action to set the form errors" time="0.001">
    </testcase>
    <testcase classname="manager section actions saveSectionAddForm dispatches an action to reset the form errors" name="manager section actions saveSectionAddForm dispatches an action to reset the form errors" time="0">
    </testcase>
    <testcase classname="manager section actions saveSectionAddForm calls the service with the section data" name="manager section actions saveSectionAddForm calls the service with the section data" time="0">
    </testcase>
    <testcase classname="manager section actions saveSectionAddForm when the save succeeds returns a promise resolved to the saved section" name="manager section actions saveSectionAddForm when the save succeeds returns a promise resolved to the saved section" time="0">
    </testcase>
    <testcase classname="manager section actions saveSectionAddForm when the save succeeds dispatches an action to update the saved section" name="manager section actions saveSectionAddForm when the save succeeds dispatches an action to update the saved section" time="0.001">
    </testcase>
    <testcase classname="manager section actions saveSectionAddForm when the save fails returns a promise rejected with the errors" name="manager section actions saveSectionAddForm when the save fails returns a promise rejected with the errors" time="0">
    </testcase>
    <testcase classname="manager section actions saveSectionAddForm when the save fails dispatches an action to set the form errors" name="manager section actions saveSectionAddForm when the save fails dispatches an action to set the form errors" time="0.002">
    </testcase>
  </testsuite>
  <testsuite name="&lt;DOBPicker/&gt;" errors="0" failures="0" skipped="0" timestamp="2024-02-26T10:56:00" time="0.382" tests="9">
    <testcase classname="&lt;DOBPicker/&gt; renders a date correctly" name="&lt;DOBPicker/&gt; renders a date correctly" time="0.011">
    </testcase>
    <testcase classname="&lt;DOBPicker/&gt; renders correctly when no date is given" name="&lt;DOBPicker/&gt; renders correctly when no date is given" time="0.005">
    </testcase>
    <testcase classname="&lt;DOBPicker/&gt; when it is disabled renders a date correctly" name="&lt;DOBPicker/&gt; when it is disabled renders a date correctly" time="0.009">
    </testcase>
    <testcase classname="&lt;DOBPicker/&gt; when it is disabled renders correctly when no date is given" name="&lt;DOBPicker/&gt; when it is disabled renders correctly when no date is given" time="0.004">
    </testcase>
    <testcase classname="&lt;DOBPicker/&gt; renders a date in a leap year correctly" name="&lt;DOBPicker/&gt; renders a date in a leap year correctly" time="0.009">
    </testcase>
    <testcase classname="&lt;DOBPicker/&gt; calls onChange with the correct date when the day is changed" name="&lt;DOBPicker/&gt; calls onChange with the correct date when the day is changed" time="0.037">
    </testcase>
    <testcase classname="&lt;DOBPicker/&gt; calls onChange with the correct date when the month is changed" name="&lt;DOBPicker/&gt; calls onChange with the correct date when the month is changed" time="0.018">
    </testcase>
    <testcase classname="&lt;DOBPicker/&gt; calls onChange with the correct date when the year is changed" name="&lt;DOBPicker/&gt; calls onChange with the correct date when the year is changed" time="0.018">
    </testcase>
    <testcase classname="&lt;DOBPicker/&gt; calls onChange with null when the selected date is invalid" name="&lt;DOBPicker/&gt; calls onChange with null when the selected date is invalid" time="0.017">
    </testcase>
  </testsuite>
  <testsuite name="&lt;FailReportMessageForm/&gt;" errors="0" failures="0" skipped="0" timestamp="2024-02-26T10:56:00" time="0.329" tests="6">
    <testcase classname="&lt;FailReportMessageForm/&gt; is rendered correctly when the AuditStore is loading" name="&lt;FailReportMessageForm/&gt; is rendered correctly when the AuditStore is loading" time="0.005">
    </testcase>
    <testcase classname="&lt;FailReportMessageForm/&gt; renders the failure message pre-filled" name="&lt;FailReportMessageForm/&gt; renders the failure message pre-filled" time="0.005">
    </testcase>
    <testcase classname="&lt;FailReportMessageForm/&gt; prevents default form action when the form is submitted" name="&lt;FailReportMessageForm/&gt; prevents default form action when the form is submitted" time="0.01">
    </testcase>
    <testcase classname="&lt;FailReportMessageForm/&gt; calls onSubmit when the form is submitted" name="&lt;FailReportMessageForm/&gt; calls onSubmit when the form is submitted" time="0.006">
    </testcase>
    <testcase classname="&lt;FailReportMessageForm/&gt; updates the form when the message is changed" name="&lt;FailReportMessageForm/&gt; updates the form when the message is changed" time="0.008">
    </testcase>
    <testcase classname="&lt;FailReportMessageForm/&gt; closes modal and redirects when report is failed successful" name="&lt;FailReportMessageForm/&gt; closes modal and redirects when report is failed successful" time="0.005">
    </testcase>
  </testsuite>
  <testsuite name="&lt;Header/&gt;" errors="0" failures="0" skipped="0" timestamp="2024-02-26T10:56:01" time="0.355" tests="1">
    <testcase classname="&lt;Header/&gt; is rendered correctly" name="&lt;Header/&gt; is rendered correctly" time="0.02">
    </testcase>
  </testsuite>
  <testsuite name="&lt;AuditCyclePaymentList/&gt;" errors="0" failures="0" skipped="0" timestamp="2024-02-26T10:56:01" time="0.407" tests="8">
    <testcase classname="&lt;AuditCyclePaymentList/&gt; it calls findPaymentsByAuditCycleId with the correct id" name="&lt;AuditCyclePaymentList/&gt; it calls findPaymentsByAuditCycleId with the correct id" time="0.005">
    </testcase>
    <testcase classname="&lt;AuditCyclePaymentList/&gt; it renders the correct number of rows when a payment is paid" name="&lt;AuditCyclePaymentList/&gt; it renders the correct number of rows when a payment is paid" time="0.034">
    </testcase>
    <testcase classname="&lt;AuditCyclePaymentList/&gt; it renders the correct number of rows when a payment is failed" name="&lt;AuditCyclePaymentList/&gt; it renders the correct number of rows when a payment is failed" time="0.033">
    </testcase>
    <testcase classname="&lt;PaymentRow/&gt; renders the row correctly for status PENDING" name="&lt;PaymentRow/&gt; renders the row correctly for status PENDING" time="0.006">
    </testcase>
    <testcase classname="&lt;PaymentRow/&gt; renders the row correctly for status PAID" name="&lt;PaymentRow/&gt; renders the row correctly for status PAID" time="0.002">
    </testcase>
    <testcase classname="&lt;PaymentRow/&gt; renders the row correctly for status FAILED" name="&lt;PaymentRow/&gt; renders the row correctly for status FAILED" time="0.002">
    </testcase>
    <testcase classname="&lt;PaymentRow/&gt; calls fail when fail button is clicked" name="&lt;PaymentRow/&gt; calls fail when fail button is clicked" time="0.005">
    </testcase>
    <testcase classname="&lt;PaymentRow/&gt; calls pay when pay button is clicked" name="&lt;PaymentRow/&gt; calls pay when pay button is clicked" time="0.005">
    </testcase>
  </testsuite>
  <testsuite name="QuestionnaireTypeTabs" errors="0" failures="0" skipped="0" timestamp="2024-02-26T10:56:02" time="0.278" tests="5">
    <testcase classname="QuestionnaireTypeTabs renders a loading sign when there are no questionnaire types" name="QuestionnaireTypeTabs renders a loading sign when there are no questionnaire types" time="0.003">
    </testcase>
    <testcase classname="QuestionnaireTypeTabs renders nothing when only one questionnaire type exists" name="QuestionnaireTypeTabs renders nothing when only one questionnaire type exists" time="0.001">
    </testcase>
    <testcase classname="QuestionnaireTypeTabs renders the tabs with selected questionnaire type" name="QuestionnaireTypeTabs renders the tabs with selected questionnaire type" time="0.003">
    </testcase>
    <testcase classname="QuestionnaireTypeTabs calls onMount when it is mounted" name="QuestionnaireTypeTabs calls onMount when it is mounted" time="0.001">
    </testcase>
    <testcase classname="QuestionnaireTypeTabs calls onSelect when a tab is clicked" name="QuestionnaireTypeTabs calls onSelect when a tab is clicked" time="0.003">
    </testcase>
  </testsuite>
  <testsuite name="OverallExperienceGauge" errors="0" failures="0" skipped="0" timestamp="2024-02-26T10:56:02" time="0.246" tests="5">
    <testcase classname="OverallExperienceGauge renders the experience gauge correctly for colorCode: 1" name="OverallExperienceGauge renders the experience gauge correctly for colorCode: 1" time="0.007">
    </testcase>
    <testcase classname="OverallExperienceGauge renders the experience gauge correctly for colorCode: 2" name="OverallExperienceGauge renders the experience gauge correctly for colorCode: 2" time="0.004">
    </testcase>
    <testcase classname="OverallExperienceGauge renders the experience gauge correctly for colorCode: 3" name="OverallExperienceGauge renders the experience gauge correctly for colorCode: 3" time="0.003">
    </testcase>
    <testcase classname="OverallExperienceGauge renders the experience gauge correctly for colorCode: 4" name="OverallExperienceGauge renders the experience gauge correctly for colorCode: 4" time="0.003">
    </testcase>
    <testcase classname="OverallExperienceGauge renders the experience gauge correctly for colorCode: 5" name="OverallExperienceGauge renders the experience gauge correctly for colorCode: 5" time="0.003">
    </testcase>
  </testsuite>
  <testsuite name="&lt;ModeratorAssignDropdown/&gt;" errors="0" failures="0" skipped="0" timestamp="2024-02-26T10:56:02" time="0.26" tests="4">
    <testcase classname="&lt;ModeratorAssignDropdown/&gt; renders the dropdown of moderators when no moderator is selected" name="&lt;ModeratorAssignDropdown/&gt; renders the dropdown of moderators when no moderator is selected" time="0.004">
    </testcase>
    <testcase classname="&lt;ModeratorAssignDropdown/&gt; renders the dropdown of moderators when a moderator is selected" name="&lt;ModeratorAssignDropdown/&gt; renders the dropdown of moderators when a moderator is selected" time="0.002">
    </testcase>
    <testcase classname="&lt;ModeratorAssignDropdown/&gt; calls assignToModerator when a moderator is selected" name="&lt;ModeratorAssignDropdown/&gt; calls assignToModerator when a moderator is selected" time="0.004">
    </testcase>
    <testcase classname="&lt;ModeratorAssignDropdown/&gt; calls revokeFromModerator when no moderator is selected" name="&lt;ModeratorAssignDropdown/&gt; calls revokeFromModerator when no moderator is selected" time="0.005">
    </testcase>
  </testsuite>
  <testsuite name="&lt;AuditStoreReportAttributesTable/&gt;" errors="0" failures="0" skipped="0" timestamp="2024-02-26T10:56:03" time="0.415" tests="4">
    <testcase classname="&lt;AuditStoreReportAttributesTable/&gt; renders the report attributes in a table" name="&lt;AuditStoreReportAttributesTable/&gt; renders the report attributes in a table" time="0.005">
    </testcase>
    <testcase classname="&lt;AuditStoreReportAttributesTable/&gt; calls the fetchReportAttributesByAuditCycleId prop on mount" name="&lt;AuditStoreReportAttributesTable/&gt; calls the fetchReportAttributesByAuditCycleId prop on mount" time="0.001">
    </testcase>
    <testcase classname="&lt;AuditStoreReportAttributesTable/&gt; calls the fetchReportAttributesByAuditCycleId prop when the auditStore prop changes" name="&lt;AuditStoreReportAttributesTable/&gt; calls the fetchReportAttributesByAuditCycleId prop when the auditStore prop changes" time="0.002">
    </testcase>
    <testcase classname="&lt;AuditStoreReportAttributesTable/&gt; does not call the fetchReportAttributesByAuditCycleId prop when the auditStore prop is not changed" name="&lt;AuditStoreReportAttributesTable/&gt; does not call the fetchReportAttributesByAuditCycleId prop when the auditStore prop is not changed" time="0.001">
    </testcase>
  </testsuite>
  <testsuite name="StateSelector" errors="0" failures="0" skipped="0" timestamp="2024-02-26T10:56:03" time="0.282" tests="5">
    <testcase classname="StateSelector renders the selector with nothing selected" name="StateSelector renders the selector with nothing selected" time="0.003">
    </testcase>
    <testcase classname="StateSelector renders nothing when there is only one state" name="StateSelector renders nothing when there is only one state" time="0.003">
    </testcase>
    <testcase classname="StateSelector renders nothing when there are no states" name="StateSelector renders nothing when there are no states" time="0.001">
    </testcase>
    <testcase classname="StateSelector renders the selector with selected city" name="StateSelector renders the selector with selected city" time="0.002">
    </testcase>
    <testcase classname="StateSelector calls onSelect with the city id when a city is selected" name="StateSelector calls onSelect with the city id when a city is selected" time="0.003">
    </testcase>
  </testsuite>
  <testsuite name="SectionEditForm" errors="0" failures="0" skipped="0" timestamp="2024-02-26T10:56:03" time="0.34" tests="5">
    <testcase classname="SectionEditForm calls the loadSectionEditForm prop" name="SectionEditForm calls the loadSectionEditForm prop" time="0.004">
    </testcase>
    <testcase classname="SectionEditForm renders a pre-filled form" name="SectionEditForm renders a pre-filled form" time="0.006">
    </testcase>
    <testcase classname="SectionEditForm when the form is submitted calls the saveSectionEditForm prop with the form values" name="SectionEditForm when the form is submitted calls the saveSectionEditForm prop with the form values" time="0.003">
    </testcase>
    <testcase classname="SectionEditForm when the form is submitted calls preventDefault on the form event" name="SectionEditForm when the form is submitted calls preventDefault on the form event" time="0.002">
    </testcase>
    <testcase classname="SectionEditForm when the form is submitted navigates to the questionnaire" name="SectionEditForm when the form is submitted navigates to the questionnaire" time="0.004">
    </testcase>
  </testsuite>
  <testsuite name="&lt;Checkbox/&gt;" errors="0" failures="0" skipped="0" timestamp="2024-02-26T10:56:04" time="0.251" tests="6">
    <testcase classname="&lt;Checkbox/&gt; is checked" name="&lt;Checkbox/&gt; is checked" time="0.004">
    </testcase>
    <testcase classname="&lt;Checkbox/&gt; is unchecked" name="&lt;Checkbox/&gt; is unchecked" time="0.002">
    </testcase>
    <testcase classname="&lt;Checkbox/&gt; is disabled" name="&lt;Checkbox/&gt; is disabled" time="0.001">
    </testcase>
    <testcase classname="&lt;Checkbox/&gt; calls onChange with true when checked" name="&lt;Checkbox/&gt; calls onChange with true when checked" time="0.002">
    </testcase>
    <testcase classname="&lt;Checkbox/&gt; calls onChange with false when unchecked" name="&lt;Checkbox/&gt; calls onChange with false when unchecked" time="0.002">
    </testcase>
    <testcase classname="&lt;Checkbox/&gt; does not call onChange when disabled" name="&lt;Checkbox/&gt; does not call onChange when disabled" time="0">
    </testcase>
  </testsuite>
  <testsuite name="findAuditStoreById" errors="0" failures="0" skipped="0" timestamp="2024-02-26T10:56:04" time="0.217" tests="4">
    <testcase classname="findAuditStoreById should return the audit store with given id" name="findAuditStoreById should return the audit store with given id" time="0.001">
    </testcase>
    <testcase classname="findAuditStoreById should return undefined when a audit store with given id is not found" name="findAuditStoreById should return undefined when a audit store with given id is not found" time="0.001">
    </testcase>
    <testcase classname="findSummaryByAuditStoreId should return the audit store summary for the audit store with given id" name="findSummaryByAuditStoreId should return the audit store summary for the audit store with given id" time="0">
    </testcase>
    <testcase classname="findSummaryByAuditStoreId should return blank string if audit store is not found" name="findSummaryByAuditStoreId should return blank string if audit store is not found" time="0.001">
    </testcase>
  </testsuite>
  <testsuite name="&lt;AuditStoreTable/&gt;" errors="0" failures="0" skipped="0" timestamp="2024-02-26T10:56:04" time="0.258" tests="1">
    <testcase classname="&lt;AuditStoreTable/&gt; renders the list of audit stores correctly" name="&lt;AuditStoreTable/&gt; renders the list of audit stores correctly" time="0.009">
    </testcase>
  </testsuite>
  <testsuite name="fetchModeratorSummaryByAuditCycle" errors="0" failures="0" skipped="0" timestamp="2024-02-26T10:56:04" time="0.278" tests="9">
    <testcase classname="fetchModeratorSummaryByAuditCycle it dispatches a request to get the moderator summary for given audit cycle id" name="fetchModeratorSummaryByAuditCycle it dispatches a request to get the moderator summary for given audit cycle id" time="0.003">
    </testcase>
    <testcase classname="fetchModeratorSummaryByAuditCycle it returns a promise which resolves to the summary for given audit cycle id" name="fetchModeratorSummaryByAuditCycle it returns a promise which resolves to the summary for given audit cycle id" time="0">
    </testcase>
    <testcase classname="fetchModeratorSummaryByAuditCycle it calls the service to find the summary for given audit cycle id" name="fetchModeratorSummaryByAuditCycle it calls the service to find the summary for given audit cycle id" time="0.001">
    </testcase>
    <testcase classname="fetchModerators it dispatches a request to get the moderators" name="fetchModerators it dispatches a request to get the moderators" time="0.006">
    </testcase>
    <testcase classname="fetchModerators it returns a promise which resolves to the list of moderators" name="fetchModerators it returns a promise which resolves to the list of moderators" time="0.001">
    </testcase>
    <testcase classname="fetchModerators it calls the service to find the list of moderators" name="fetchModerators it calls the service to find the list of moderators" time="0">
    </testcase>
    <testcase classname="fetchModeratorSummary it dispatches a request to get the moderator summary for given audit cycle id" name="fetchModeratorSummary it dispatches a request to get the moderator summary for given audit cycle id" time="0.015">
    </testcase>
    <testcase classname="fetchModeratorSummary it returns a promise which resolves to the summary for given audit cycle id" name="fetchModeratorSummary it returns a promise which resolves to the summary for given audit cycle id" time="0">
    </testcase>
    <testcase classname="fetchModeratorSummary it calls the service to find the summary for given audit cycle id" name="fetchModeratorSummary it calls the service to find the summary for given audit cycle id" time="0">
    </testcase>
  </testsuite>
  <testsuite name="ImpactFactorInput" errors="0" failures="0" skipped="0" timestamp="2024-02-26T10:56:05" time="0.273" tests="4">
    <testcase classname="ImpactFactorInput renders an empty form" name="ImpactFactorInput renders an empty form" time="0.003">
    </testcase>
    <testcase classname="ImpactFactorInput renders a pre filled form" name="ImpactFactorInput renders a pre filled form" time="0.002">
    </testcase>
    <testcase classname="ImpactFactorInput re-renders a pre filled form when the props change" name="ImpactFactorInput re-renders a pre filled form when the props change" time="0.003">
    </testcase>
    <testcase classname="ImpactFactorInput calls onChange with the split values" name="ImpactFactorInput calls onChange with the split values" time="0.002">
    </testcase>
  </testsuite>
  <testsuite name="&lt;AuditStoreQARatingForm/&gt;" errors="0" failures="0" skipped="0" timestamp="2024-02-26T10:56:05" time="0.353" tests="11">
    <testcase classname="&lt;AuditStoreQARatingForm/&gt; is rendered correctly when the AuditStore is loading" name="&lt;AuditStoreQARatingForm/&gt; is rendered correctly when the AuditStore is loading" time="0.005">
    </testcase>
    <testcase classname="&lt;AuditStoreQARatingForm/&gt; is rendered correctly when AuditStore is not auditor rated" name="&lt;AuditStoreQARatingForm/&gt; is rendered correctly when AuditStore is not auditor rated" time="0.005">
    </testcase>
    <testcase classname="&lt;AuditStoreQARatingForm/&gt; is rendered correctly when AuditStore is already rated" name="&lt;AuditStoreQARatingForm/&gt; is rendered correctly when AuditStore is already rated" time="0.014">
    </testcase>
    <testcase classname="&lt;AuditStoreQARatingForm/&gt; renders no auditor_rating on mounting" name="&lt;AuditStoreQARatingForm/&gt; renders no auditor_rating on mounting" time="0.004">
    </testcase>
    <testcase classname="&lt;AuditStoreQARatingForm/&gt; renders existing auditor_rating on mounting" name="&lt;AuditStoreQARatingForm/&gt; renders existing auditor_rating on mounting" time="0.002">
    </testcase>
    <testcase classname="&lt;AuditStoreQARatingForm/&gt; selects 1 star rating when the 1st radio is clicked" name="&lt;AuditStoreQARatingForm/&gt; selects 1 star rating when the 1st radio is clicked" time="0.004">
    </testcase>
    <testcase classname="&lt;AuditStoreQARatingForm/&gt; selects 2 star rating when the 2nd radio is clicked" name="&lt;AuditStoreQARatingForm/&gt; selects 2 star rating when the 2nd radio is clicked" time="0.008">
    </testcase>
    <testcase classname="&lt;AuditStoreQARatingForm/&gt; selects 3 star rating when the 3rd radio is clicked" name="&lt;AuditStoreQARatingForm/&gt; selects 3 star rating when the 3rd radio is clicked" time="0.004">
    </testcase>
[...]
    <testcase classname="AUDITOR_STATS_GET when status is request sets loading to true" name="AUDITOR_STATS_GET when status is request sets loading to true" time="0">
    </testcase>
    <testcase classname="AUDITOR_STATS_GET when status is success sets loading to false" name="AUDITOR_STATS_GET when status is success sets loading to false" time="0.001">
    </testcase>
    <testcase classname="AUDITOR_STATS_GET when status is success sets the auditor score" name="AUDITOR_STATS_GET when status is success sets the auditor score" time="0">
    </testcase>
    <testcase classname="AUDITOR_SCORE_GET when status is request sets loading to true" name="AUDITOR_SCORE_GET when status is request sets loading to true" time="0">
    </testcase>
    <testcase classname="AUDITOR_SCORE_GET when status is success sets loading to false" name="AUDITOR_SCORE_GET when status is success sets loading to false" time="0.001">
    </testcase>
    <testcase classname="AUDITOR_SCORE_GET when status is success sets the auditor score" name="AUDITOR_SCORE_GET when status is success sets the auditor score" time="0">
    </testcase>
  </testsuite>
  <testsuite name="manager section actions" errors="0" failures="0" skipped="0" timestamp="2024-02-26T10:56:46" time="0.25" tests="17">
    <testcase classname="manager section actions fetchSection calls the service with the given sectionId" name="manager section actions fetchSection calls the service with the given sectionId" time="0.001">
    </testcase>
    <testcase classname="manager section actions fetchSections calls the service with the given auditCycleId" name="manager section actions fetchSections calls the service with the given auditCycleId" time="0">
    </testcase>
    <testcase classname="manager section actions loadSectionAddForm dispatches an action to reset the form errors" name="manager section actions loadSectionAddForm dispatches an action to reset the form errors" time="0">
    </testcase>
    <testcase classname="manager section actions loadSectionEditForm dispatches an action to reset the form errors" name="manager section actions loadSectionEditForm dispatches an action to reset the form errors" time="0">
    </testcase>
    <testcase classname="manager section actions loadSectionEditForm dispatches an action to fetch the section" name="manager section actions loadSectionEditForm dispatches an action to fetch the section" time="0">
    </testcase>
    <testcase classname="manager section actions saveSectionEditForm dispatches an action to reset the form errors" name="manager section actions saveSectionEditForm dispatches an action to reset the form errors" time="0">
    </testcase>
    <testcase classname="manager section actions saveSectionEditForm calls the service with the section data" name="manager section actions saveSectionEditForm calls the service with the section data" time="0.001">
    </testcase>
    <testcase classname="manager section actions saveSectionEditForm when the save succeeds returns a promise resolved to the saved section" name="manager section actions saveSectionEditForm when the save succeeds returns a promise resolved to the saved section" time="0">
    </testcase>
    <testcase classname="manager section actions saveSectionEditForm when the save succeeds dispatches an action to update the saved section" name="manager section actions saveSectionEditForm when the save succeeds dispatches an action to update the saved section" time="0.001">
    </testcase>
    <testcase classname="manager section actions saveSectionEditForm when the save fails returns a promise rejected with the errors" name="manager section actions saveSectionEditForm when the save fails returns a promise rejected with the errors" time="0">
    </testcase>
    <testcase classname="manager section actions saveSectionEditForm when the save fails dispatches an action to set the form errors" name="manager section actions saveSectionEditForm when the save fails dispatches an action to set the form errors" time="0.001">
    </testcase>
    <testcase classname="manager section actions saveSectionAddForm dispatches an action to reset the form errors" name="manager section actions saveSectionAddForm dispatches an action to reset the form errors" time="0">
    </testcase>
    <testcase classname="manager section actions saveSectionAddForm calls the service with the section data" name="manager section actions saveSectionAddForm calls the service with the section data" time="0.001">
    </testcase>
    <testcase classname="manager section actions saveSectionAddForm when the save succeeds returns a promise resolved to the saved section" name="manager section actions saveSectionAddForm when the save succeeds returns a promise resolved to the saved section" time="0">
    </testcase>
    <testcase classname="manager section actions saveSectionAddForm when the save succeeds dispatches an action to update the saved section" name="manager section actions saveSectionAddForm when the save succeeds dispatches an action to update the saved section" time="0.001">
    </testcase>
    <testcase classname="manager section actions saveSectionAddForm when the save fails returns a promise rejected with the errors" name="manager section actions saveSectionAddForm when the save fails returns a promise rejected with the errors" time="0">
    </testcase>
    <testcase classname="manager section actions saveSectionAddForm when the save fails dispatches an action to set the form errors" name="manager section actions saveSectionAddForm when the save fails dispatches an action to set the form errors" time="0">
    </testcase>
  </testsuite>
  <testsuite name="findAnswer" errors="0" failures="0" skipped="0" timestamp="2024-02-26T10:56:46" time="0.212" tests="2">
    <testcase classname="findAnswer it finds the answer from the store" name="findAnswer it finds the answer from the store" time="0">
    </testcase>
    <testcase classname="findAnswer it returns undefined when the answer is not found" name="findAnswer it returns undefined when the answer is not found" time="0">
    </testcase>
  </testsuite>
  <testsuite name="findModeratorSummaryByAuditCycleId" errors="0" failures="0" skipped="0" timestamp="2024-02-26T10:56:46" time="0.201" tests="2">
    <testcase classname="findModeratorSummaryByAuditCycleId returns the moderator summary for the given audit cycle id" name="findModeratorSummaryByAuditCycleId returns the moderator summary for the given audit cycle id" time="0.001">
    </testcase>
    <testcase classname="findModeratorSummaryByAuditCycleId should return undefined when there is no moderator summary with given audit cycle id" name="findModeratorSummaryByAuditCycleId should return undefined when there is no moderator summary with given audit cycle id" time="0.001">
    </testcase>
  </testsuite>
  <testsuite name="UserSelectors" errors="0" failures="0" skipped="0" timestamp="2024-02-26T10:56:47" time="0.204" tests="5">
    <testcase classname="UserSelectors findCurrentUser should return the current user" name="UserSelectors findCurrentUser should return the current user" time="0">
    </testcase>
    <testcase classname="UserSelectors findCurrentUser should return undefined if the current user is not available" name="UserSelectors findCurrentUser should return undefined if the current user is not available" time="0.001">
    </testcase>
    <testcase classname="UserSelectors isClientAdmin returns true if the current user is a client admin" name="UserSelectors isClientAdmin returns true if the current user is a client admin" time="0">
    </testcase>
    <testcase classname="UserSelectors isClientAdmin returns false if the current user is not a client admin" name="UserSelectors isClientAdmin returns false if the current user is not a client admin" time="0">
    </testcase>
    <testcase classname="UserSelectors isClientAdmin returns false if the current user is not available" name="UserSelectors isClientAdmin returns false if the current user is not available" time="0">
    </testcase>
  </testsuite>
  <testsuite name="ReportBrowserSelectors" errors="0" failures="0" skipped="0" timestamp="2024-02-26T10:56:47" time="0.288" tests="28">
    <testcase classname="ReportBrowserSelectors findReportsByAuditCycleId returns reports by audit cycle id" name="ReportBrowserSelectors findReportsByAuditCycleId returns reports by audit cycle id" time="0.001">
    </testcase>
    <testcase classname="ReportBrowserSelectors findSelectedCityId gets the selected City ID" name="ReportBrowserSelectors findSelectedCityId gets the selected City ID" time="0">
    </testcase>
    <testcase classname="ReportBrowserSelectors findSelectedState gets the selected State" name="ReportBrowserSelectors findSelectedState gets the selected State" time="0">
    </testcase>
    <testcase classname="ReportBrowserSelectors findCitiesByAuditCycleId fetches distinct cities for the given audit cycle id" name="ReportBrowserSelectors findCitiesByAuditCycleId fetches distinct cities for the given audit cycle id" time="0.002">
    </testcase>
    <testcase classname="ReportBrowserSelectors findStoreTypesByAuditCycleId returns distinct store types for the given audit cycle id" name="ReportBrowserSelectors findStoreTypesByAuditCycleId returns distinct store types for the given audit cycle id" time="0">
    </testcase>
    <testcase classname="ReportBrowserSelectors findStorePrioritiesByAuditCycleId returns distinct store priorities for the given audit cycle id" name="ReportBrowserSelectors findStorePrioritiesByAuditCycleId returns distinct store priorities for the given audit cycle id" time="0.001">
    </testcase>
    <testcase classname="ReportBrowserSelectors findSelectedStoreType gets the selected store type" name="ReportBrowserSelectors findSelectedStoreType gets the selected store type" time="0">
    </testcase>
    <testcase classname="ReportBrowserSelectors findSelectedStorePriority gets the selected priority" name="ReportBrowserSelectors findSelectedStorePriority gets the selected priority" time="0.001">
    </testcase>
    <testcase classname="ReportBrowserSelectors findSelectedStartDate gets the selected start date" name="ReportBrowserSelectors findSelectedStartDate gets the selected start date" time="0">
    </testcase>
    <testcase classname="ReportBrowserSelectors findSelectedEndDate gets the selected end date" name="ReportBrowserSelectors findSelectedEndDate gets the selected end date" time="0.001">
    </testcase>
    <testcase classname="ReportBrowserSelectors findSelectedOptionIdByJsonId returns the selected option id for the given json ID" name="ReportBrowserSelectors findSelectedOptionIdByJsonId returns the selected option id for the given json ID" time="0">
    </testcase>
    <testcase classname="ReportBrowserSelectors findSelectedOptionIdByJsonId should return undefined if there are no selected option for given json id" name="ReportBrowserSelectors findSelectedOptionIdByJsonId should return undefined if there are no selected option for given json id" time="0">
    </testcase>
    <testcase classname="ReportBrowserSelectors findReportAttributeSelectedOptionIds returns all selected options for for report attributes" name="ReportBrowserSelectors findReportAttributeSelectedOptionIds returns all selected options for for report attributes" time="0.001">
    </testcase>
    <testcase classname="ReportBrowserSelectors findReportAttributeSelectedOptionIds returns empty object when no option is selected" name="ReportBrowserSelectors findReportAttributeSelectedOptionIds returns empty object when no option is selected" time="0">
    </testcase>
    <testcase classname="ReportBrowserSelectors findCitiesBySelectedAuditCycle returns distinct cities for the selected audit cycle" name="ReportBrowserSelectors findCitiesBySelectedAuditCycle returns distinct cities for the selected audit cycle" time="0">
    </testcase>
    <testcase classname="ReportBrowserSelectors findStoreTypesBySelectedAuditCycle returns distinct store types for the selected audit cycle" name="ReportBrowserSelectors findStoreTypesBySelectedAuditCycle returns distinct store types for the selected audit cycle" time="0.002">
    </testcase>
    <testcase classname="ReportBrowserSelectors findStorePrioritiesBySelectedAuditCycle returns distinct store priorities for the selected audit cycle" name="ReportBrowserSelectors findStorePrioritiesBySelectedAuditCycle returns distinct store priorities for the selected audit cycle" time="0">
    </testcase>
    <testcase classname="ReportBrowserSelectors findSelectedStartDateBySelectedAuditCycle returns the selected start date" name="ReportBrowserSelectors findSelectedStartDateBySelectedAuditCycle returns the selected start date" time="0">
    </testcase>
    <testcase classname="ReportBrowserSelectors findSelectedStartDateBySelectedAuditCycle returns the start date for the selected audit cycle if no start date is selected" name="ReportBrowserSelectors findSelectedStartDateBySelectedAuditCycle returns the start date for the selected audit cycle if no start date is selected" time="0">
    </testcase>
    <testcase classname="ReportBrowserSelectors findSelectedEndDateBySelectedAuditCycle returns the selected end date" name="ReportBrowserSelectors findSelectedEndDateBySelectedAuditCycle returns the selected end date" time="0">
    </testcase>
    <testcase classname="ReportBrowserSelectors findSelectedEndDateBySelectedAuditCycle returns the end date for the selected audit cycle if no end date is selected" name="ReportBrowserSelectors findSelectedEndDateBySelectedAuditCycle returns the end date for the selected audit cycle if no end date is selected" time="0.001">
    </testcase>
    <testcase classname="ReportBrowserSelectors findStartDateBySelectedAuditCycle returns the start date for the selected audit cycle" name="ReportBrowserSelectors findStartDateBySelectedAuditCycle returns the start date for the selected audit cycle" time="0">
    </testcase>
    <testcase classname="ReportBrowserSelectors findStartDateBySelectedAuditCycle returns falsy if no audit cycle is selected" name="ReportBrowserSelectors findStartDateBySelectedAuditCycle returns falsy if no audit cycle is selected" time="0">
    </testcase>
    <testcase classname="ReportBrowserSelectors findEndDateBySelectedAuditCycle returns the end date for the selected audit cycle" name="ReportBrowserSelectors findEndDateBySelectedAuditCycle returns the end date for the selected audit cycle" time="0.001">
    </testcase>
    <testcase classname="ReportBrowserSelectors findEndDateBySelectedAuditCycle returns falsy if no audit cycle is selected" name="ReportBrowserSelectors findEndDateBySelectedAuditCycle returns falsy if no audit cycle is selected" time="0.001">
    </testcase>
    <testcase classname="ReportBrowserSelectors filterReports returns the filtered reports when all filters are set" name="ReportBrowserSelectors filterReports returns the filtered reports when all filters are set" time="0.001">
    </testcase>
    <testcase classname="ReportBrowserSelectors filterReports returns the filtered reports when no filters are set" name="ReportBrowserSelectors filterReports returns the filtered reports when no filters are set" time="0.001">
    </testcase>
    <testcase classname="ReportBrowserSelectors filterReports returns an empty array when no audit cycle is selected" name="ReportBrowserSelectors filterReports returns an empty array when no audit cycle is selected" time="0">
    </testcase>
  </testsuite>
  <testsuite name="&lt;Modal/&gt;" errors="0" failures="0" skipped="0" timestamp="2024-02-26T10:56:47" time="0.214" tests="1">
    <testcase classname="&lt;Modal/&gt; renders content within a Modal" name="&lt;Modal/&gt; renders content within a Modal" time="0.003">
    </testcase>
  </testsuite>
  <testsuite name="BANK_INFO_GET" errors="0" failures="0" skipped="0" timestamp="2024-02-26T10:56:47" time="0.215" tests="7">
    <testcase classname="BANK_INFO_GET when status is request sets loading to true" name="BANK_INFO_GET when status is request sets loading to true" time="0.001">
    </testcase>
    <testcase classname="BANK_INFO_GET when status is success sets loading to false" name="BANK_INFO_GET when status is success sets loading to false" time="0">
    </testcase>
    <testcase classname="BANK_INFO_GET when status is success sets the bank info" name="BANK_INFO_GET when status is success sets the bank info" time="0">
    </testcase>
    <testcase classname="BANK_INFO_POST when status is request clears the form errors" name="BANK_INFO_POST when status is request clears the form errors" time="0">
    </testcase>
    <testcase classname="BANK_INFO_POST when status is success clears the form errors" name="BANK_INFO_POST when status is success clears the form errors" time="0.001">
    </testcase>
    <testcase classname="BANK_INFO_POST when status is success sets the bank info" name="BANK_INFO_POST when status is success sets the bank info" time="0">
    </testcase>
    <testcase classname="BANK_INFO_POST when status is error clears the form errors" name="BANK_INFO_POST when status is error clears the form errors" time="0">
    </testcase>
  </testsuite>
  <testsuite name="&lt;AttachmentInProgressThumbnail/&gt;" errors="0" failures="0" skipped="0" timestamp="2024-02-26T10:56:48" time="0.218" tests="4">
    <testcase classname="&lt;AttachmentInProgressThumbnail/&gt; when upload is initializing" name="&lt;AttachmentInProgressThumbnail/&gt; when upload is initializing" time="0.003">
    </testcase>
    <testcase classname="&lt;AttachmentInProgressThumbnail/&gt; when upload is in progress and there is no fileName" name="&lt;AttachmentInProgressThumbnail/&gt; when upload is in progress and there is no fileName" time="0.001">
    </testcase>
    <testcase classname="&lt;AttachmentInProgressThumbnail/&gt; when upload is in progress" name="&lt;AttachmentInProgressThumbnail/&gt; when upload is in progress" time="0.003">
    </testcase>
    <testcase classname="&lt;AttachmentInProgressThumbnail/&gt; when upload has an error" name="&lt;AttachmentInProgressThumbnail/&gt; when upload has an error" time="0.001">
    </testcase>
  </testsuite>
  <testsuite name="findSectionsByAuditCycleId" errors="0" failures="0" skipped="0" timestamp="2024-02-26T10:56:48" time="0.29" tests="6">
    <testcase classname="findSectionsByAuditCycleId should return the sections with given audit cycle id, sorted by sequence" name="findSectionsByAuditCycleId should return the sections with given audit cycle id, sorted by sequence" time="0.001">
    </testcase>
    <testcase classname="findSectionsByAuditCycleId should return an empty array when sections with given audit cycle id are not found" name="findSectionsByAuditCycleId should return an empty array when sections with given audit cycle id are not found" time="0.001">
    </testcase>
    <testcase classname="findQuestionnaireTotalForAuditCycleId should summation of max_marks for sections with given audit cycle id " name="findQuestionnaireTotalForAuditCycleId should summation of max_marks for sections with given audit cycle id " time="0">
    </testcase>
    <testcase classname="findQuestionnaireTotalForAuditCycleId should return zero when there are no sections for given audit cycle id " name="findQuestionnaireTotalForAuditCycleId should return zero when there are no sections for given audit cycle id " time="0">
    </testcase>
    <testcase classname="findSectionBySectionId should return the section with the given id" name="findSectionBySectionId should return the section with the given id" time="0.001">
    </testcase>
    <testcase classname="findSectionBySectionId should return undefined section with given id does not exist" name="findSectionBySectionId should return undefined section with given id does not exist" time="0">
    </testcase>
  </testsuite>
</testsuites>